Copyright 1986-2022 Xilinx, Inc. All Rights Reserved.
----------------------------------------------------------------------------------------------------------------------------------
| Tool Version     : Vivado v.2022.2 (lin64) Build 3671981 Fri Oct 14 04:59:54 MDT 2022
| Date             : Thu May 18 00:05:56 2023
| Host             : theo-ubuntu running 64-bit Ubuntu 22.04.1 LTS
| Command          : report_power -file tdoa_power_routed.rpt -pb tdoa_power_summary_routed.pb -rpx tdoa_power_routed.rpx
| Design           : tdoa
| Device           : xc7z020clg400-1
| Design State     : routed
| Grade            : commercial
| Process          : typical
| Characterization : Production
----------------------------------------------------------------------------------------------------------------------------------

Power Report

Table of Contents
-----------------
1. Summary
1.1 On-Chip Components
1.2 Power Supply Summary
1.3 Confidence Level
2. Settings
2.1 Environment
2.2 Clock Constraints
3. Detailed Reports
3.1 By Hierarchy

1. Summary
----------

+--------------------------+--------------+
| Total On-Chip Power (W)  | 1.861        |
| Design Power Budget (W)  | Unspecified* |
| Power Budget Margin (W)  | NA           |
| Dynamic (W)              | 1.710        |
| Device Static (W)        | 0.151        |
| Effective TJA (C/W)      | 11.5         |
| Max Ambient (C)          | 63.5         |
| Junction Temperature (C) | 46.5         |
| Confidence Level         | Low          |
| Setting File             | ---          |
| Simulation Activity File | ---          |
| Design Nets Matched      | NA           |
+--------------------------+--------------+
* Specify Design Power Budget using, set_operating_conditions -design_power_budget <value in Watts>


1.1 On-Chip Components
----------------------

+--------------------------+-----------+----------+-----------+-----------------+
| On-Chip                  | Power (W) | Used     | Available | Utilization (%) |
+--------------------------+-----------+----------+-----------+-----------------+
| Clocks                   |     0.059 |        4 |       --- |             --- |
| Slice Logic              |     0.036 |    33917 |       --- |             --- |
|   LUT as Logic           |     0.029 |    10134 |     53200 |           19.05 |
|   CARRY4                 |     0.005 |     1006 |     13300 |            7.56 |
|   Register               |     0.002 |    16456 |    106400 |           15.47 |
|   F7/F8 Muxes            |    <0.001 |     1461 |     53200 |            2.75 |
|   LUT as Shift Register  |    <0.001 |     1020 |     17400 |            5.86 |
|   LUT as Distributed RAM |    <0.001 |       88 |     17400 |            0.51 |
|   Others                 |     0.000 |     1313 |       --- |             --- |
| Signals                  |     0.068 |    31005 |       --- |             --- |
| Block RAM                |     0.014 |       20 |       140 |           14.29 |
| DSPs                     |     0.131 |      164 |       220 |           74.55 |
| I/O                      |    <0.001 |       19 |       125 |           15.20 |
| XADC                     |     0.002 |        1 |       --- |             --- |
| PS7                      |     1.400 |        1 |       --- |             --- |
| Static Power             |     0.151 |          |           |                 |
| Total                    |     1.861 |          |           |                 |
+--------------------------+-----------+----------+-----------+-----------------+


1.2 Power Supply Summary
------------------------

+-----------+-------------+-----------+-------------+------------+-------------+-------------+------------+
| Source    | Voltage (V) | Total (A) | Dynamic (A) | Static (A) | Powerup (A) | Budget (A)  | Margin (A) |
+-----------+-------------+-----------+-------------+------------+-------------+-------------+------------+
| Vccint    |       1.000 |     0.325 |       0.308 |      0.017 |       NA    | Unspecified | NA         |
| Vccaux    |       1.800 |     0.016 |       0.000 |      0.016 |       NA    | Unspecified | NA         |
| Vcco33    |       3.300 |     0.001 |       0.000 |      0.001 |       NA    | Unspecified | NA         |
| Vcco25    |       2.500 |     0.000 |       0.000 |      0.000 |       NA    | Unspecified | NA         |
| Vcco18    |       1.800 |     0.000 |       0.000 |      0.000 |       NA    | Unspecified | NA         |
| Vcco15    |       1.500 |     0.000 |       0.000 |      0.000 |       NA    | Unspecified | NA         |
| Vcco135   |       1.350 |     0.000 |       0.000 |      0.000 |       NA    | Unspecified | NA         |
| Vcco12    |       1.200 |     0.000 |       0.000 |      0.000 |       NA    | Unspecified | NA         |
| Vccaux_io |       1.800 |     0.000 |       0.000 |      0.000 |       NA    | Unspecified | NA         |
| Vccbram   |       1.000 |     0.003 |       0.001 |      0.002 |       NA    | Unspecified | NA         |
| MGTAVcc   |       1.000 |     0.000 |       0.000 |      0.000 |       NA    | Unspecified | NA         |
| MGTAVtt   |       1.200 |     0.000 |       0.000 |      0.000 |       NA    | Unspecified | NA         |
| MGTVccaux |       1.800 |     0.000 |       0.000 |      0.000 |       NA    | Unspecified | NA         |
| Vccpint   |       1.000 |     0.750 |       0.718 |      0.032 |       NA    | Unspecified | NA         |
| Vccpaux   |       1.800 |     0.061 |       0.051 |      0.010 |       NA    | Unspecified | NA         |
| Vccpll    |       1.800 |     0.017 |       0.014 |      0.003 |       NA    | Unspecified | NA         |
| Vcco_ddr  |       1.350 |     0.413 |       0.411 |      0.002 |       NA    | Unspecified | NA         |
| Vcco_mio0 |       3.300 |     0.003 |       0.002 |      0.001 |       NA    | Unspecified | NA         |
| Vcco_mio1 |       1.800 |     0.003 |       0.002 |      0.001 |       NA    | Unspecified | NA         |
| Vccadc    |       1.800 |     0.021 |       0.001 |      0.020 |       NA    | Unspecified | NA         |
+-----------+-------------+-----------+-------------+------------+-------------+-------------+------------+


1.3 Confidence Level
--------------------

+-----------------------------+------------+--------------------------------------------------------+------------------------------------------------------------------------------------------------------------+
| User Input Data             | Confidence | Details                                                | Action                                                                                                     |
+-----------------------------+------------+--------------------------------------------------------+------------------------------------------------------------------------------------------------------------+
| Design implementation state | High       | Design is routed                                       |                                                                                                            |
| Clock nodes activity        | High       | User specified more than 95% of clocks                 |                                                                                                            |
| I/O nodes activity          | Low        | More than 75% of inputs are missing user specification | Provide missing input activity with simulation results or by editing the "By Resource Type -> I/Os" view   |
| Internal nodes activity     | Medium     | User specified less than 25% of internal nodes         | Provide missing internal nodes activity with simulation results or by editing the "By Resource Type" views |
| Device models               | High       | Device models are Production                           |                                                                                                            |
|                             |            |                                                        |                                                                                                            |
| Overall confidence level    | Low        |                                                        |                                                                                                            |
+-----------------------------+------------+--------------------------------------------------------+------------------------------------------------------------------------------------------------------------+


2. Settings
-----------

2.1 Environment
---------------

+-----------------------+------------------------+
| Ambient Temp (C)      | 25.0                   |
| ThetaJA (C/W)         | 11.5                   |
| Airflow (LFM)         | 250                    |
| Heat Sink             | none                   |
| ThetaSA (C/W)         | 0.0                    |
| Board Selection       | medium (10"x10")       |
| # of Board Layers     | 8to11 (8 to 11 Layers) |
| Board Temperature (C) | 25.0                   |
+-----------------------+------------------------+


2.2 Clock Constraints
---------------------

+--------------------------------------------------------------------------------------------+-------------------------------------------------------------------+-----------------+
| Clock                                                                                      | Domain                                                            | Constraint (ns) |
+--------------------------------------------------------------------------------------------+-------------------------------------------------------------------+-----------------+
| clk_fpga_0                                                                                 | processing_system7_0/inst/FCLK_CLK_unbuffered[0]                  |            10.0 |
| dbg_hub/inst/BSCANID.u_xsdbm_id/SWITCH_N_EXT_BSCAN.bscan_inst/SERIES7_BSCAN.bscan_inst/TCK | dbg_hub/inst/BSCANID.u_xsdbm_id/SWITCH_N_EXT_BSCAN.bscan_inst/TCK |            33.0 |
+--------------------------------------------------------------------------------------------+-------------------------------------------------------------------+-----------------+


3. Detailed Reports
-------------------

3.1 By Hierarchy
----------------

+--------------------------+-----------+
| Name                     | Power (W) |
+--------------------------+-----------+
| tdoa                     |     1.710 |
|   axi_fifo_mm_s_0        |     0.003 |
|     U0                   |     0.003 |
|       COMP_IPIC2AXI_S    |     0.002 |
|   axi_fsk_demod_0        |     0.064 |
|     inst                 |     0.064 |
|       cmult_hi           |     0.016 |
|       cmult_lo           |     0.019 |
|   axi_fsk_demod_1        |     0.061 |
|     inst                 |     0.061 |
|       cmult_hi           |     0.016 |
|       cmult_lo           |     0.017 |
|   axi_fsk_demod_2        |     0.061 |
|     inst                 |     0.061 |
|       cmult_hi           |     0.017 |
|       cmult_lo           |     0.016 |
|   axi_fsk_demod_3        |     0.060 |
|     inst                 |     0.060 |
|       cmult_hi           |     0.016 |
|       cmult_lo           |     0.016 |
|   axi_xadc_sampler_0     |     0.002 |
|     inst                 |     0.002 |
|       xadc               |     0.002 |
|   dbg_hub                |     0.003 |
|     inst                 |     0.003 |
|       BSCANID.u_xsdbm_id |     0.003 |
|   processing_system7_0   |     1.401 |
|     inst                 |     1.401 |
|   ps7_0_axi_periph       |     0.008 |
|     m00_couplers         |     0.004 |
|       auto_pc            |     0.004 |
|     xbar                 |     0.004 |
|       inst               |     0.004 |
|   system_ila_0           |     0.046 |
|     inst                 |     0.046 |
|       ila_lib            |     0.046 |
+--------------------------+-----------+


